<?xml version="1.0" encoding="UTF-8"?>
<!-- Generated by org.testng.reporters.JUnitReportReporter -->
<testsuite hostname="PrishaDashpute" failures="0" tests="1" name="testCases.LoginTest" time="6.535" errors="0" timestamp="2024-01-16T11:46:16 IST" skipped="0">
  <testcase classname="testCases.LoginTest" name="checkLogin" time="6.535"/>
</testsuite> <!-- testCases.LoginTest -->
