<?xml version="1.0" encoding="UTF-8"?>
<!-- Generated by org.testng.reporters.JUnitReportReporter -->
<testsuite hostname="PrishaDashpute" failures="0" tests="5" name="testCases.TC_003_LoginDDT" time="37.168" errors="0" timestamp="2024-01-18T14:20:34 IST" skipped="0">
  <testcase classname="testCases.TC_003_LoginDDT" name="verify_LoginDDT" time="1.825"/>
  <testcase classname="testCases.TC_003_LoginDDT" name="verify_LoginDDT" time="11.309"/>
  <testcase classname="testCases.TC_003_LoginDDT" name="verify_LoginDDT" time="1.436"/>
  <testcase classname="testCases.TC_003_LoginDDT" name="verify_LoginDDT" time="11.194"/>
  <testcase classname="testCases.TC_003_LoginDDT" name="verify_LoginDDT" time="11.404"/>
</testsuite> <!-- testCases.TC_003_LoginDDT -->
