<?xml version="1.0" encoding="UTF-8"?>
<!-- Generated by org.testng.reporters.JUnitReportReporter -->
<testsuite hostname="PrishaDashpute" failures="0" tests="3" name="testCases.TC_004_SearchProductTest" time="20.301" errors="0" timestamp="2024-01-19T09:21:34 IST" skipped="0">
  <testcase classname="testCases.TC_004_SearchProductTest" name="verify_pruductSearch" time="6.861"/>
  <testcase classname="testCases.TC_004_SearchProductTest" name="verify_pruductSearch" time="6.792"/>
  <testcase classname="testCases.TC_004_SearchProductTest" name="verify_pruductSearch" time="6.648"/>
</testsuite> <!-- testCases.TC_004_SearchProductTest -->
