<?xml version="1.0" encoding="UTF-8"?>
<!-- Generated by org.testng.reporters.JUnitReportReporter -->
<testsuite hostname="PrishaDashpute" failures="0" tests="5" name="testCases.TC_006_AdminLoginDDT" time="42.563" errors="0" timestamp="2024-01-17T20:26:18 IST" skipped="0">
  <testcase classname="testCases.TC_006_AdminLoginDDT" name="checkLogin" time="0.929"/>
  <testcase classname="testCases.TC_006_AdminLoginDDT" name="checkLogin" time="10.483"/>
  <testcase classname="testCases.TC_006_AdminLoginDDT" name="checkLogin" time="10.306"/>
  <testcase classname="testCases.TC_006_AdminLoginDDT" name="checkLogin" time="10.404"/>
  <testcase classname="testCases.TC_006_AdminLoginDDT" name="checkLogin" time="10.441"/>
</testsuite> <!-- testCases.TC_006_AdminLoginDDT -->
