<?xml version="1.0" encoding="UTF-8"?>
<!-- Generated by org.testng.reporters.JUnitReportReporter -->
<testsuite hostname="PrishaDashpute" failures="0" tests="1" name="testCases.SeleniumGrid" time="19.359" errors="0" timestamp="2024-01-19T00:35:57 IST" skipped="0">
  <testcase classname="testCases.SeleniumGrid" name="f" time="19.359"/>
</testsuite> <!-- testCases.SeleniumGrid -->
