<?xml version="1.0" encoding="UTF-8"?>
<!-- Generated by org.testng.reporters.JUnitReportReporter -->
<testsuite hostname="PrishaDashpute" failures="0" tests="3" name="testCases.TC_002_LoginTest" time="3.341" errors="0" timestamp="2024-01-19T09:21:34 IST" skipped="0">
  <testcase classname="testCases.TC_002_LoginTest" name="verify_Login" time="1.100"/>
  <testcase classname="testCases.TC_002_LoginTest" name="verify_Login" time="1.038"/>
  <testcase classname="testCases.TC_002_LoginTest" name="verify_Login" time="1.203"/>
</testsuite> <!-- testCases.TC_002_LoginTest -->
