<?xml version="1.0" encoding="UTF-8"?>
<!-- Generated by org.testng.reporters.JUnitReportReporter -->
<testsuite hostname="PrishaDashpute" failures="0" tests="3" name="testCases.TC_005_AddToCartPageTest" time="49.811" errors="0" timestamp="2024-01-19T09:21:34 IST" skipped="0">
  <testcase classname="testCases.TC_005_AddToCartPageTest" name="verify_addToCart" time="16.818"/>
  <testcase classname="testCases.TC_005_AddToCartPageTest" name="verify_addToCart" time="16.438"/>
  <testcase classname="testCases.TC_005_AddToCartPageTest" name="verify_addToCart" time="16.555"/>
</testsuite> <!-- testCases.TC_005_AddToCartPageTest -->
