<?xml version="1.0" encoding="UTF-8"?>
<!-- Generated by org.testng.reporters.JUnitReportReporter -->
<testsuite hostname="PrishaDashpute" failures="0" tests="3" name="testCases.TC_001_AccountRegistrationTest" time="8.031" errors="0" timestamp="2024-01-20T13:05:06 IST" skipped="0">
  <testcase classname="testCases.TC_001_AccountRegistrationTest" name="verify_Account_Registration" time="3.305"/>
  <testcase classname="testCases.TC_001_AccountRegistrationTest" name="verify_Account_Registration" time="1.984"/>
  <testcase classname="testCases.TC_001_AccountRegistrationTest" name="verify_Account_Registration" time="2.742"/>
</testsuite> <!-- testCases.TC_001_AccountRegistrationTest -->
