<?xml version="1.0" encoding="UTF-8"?>
<!-- Generated by org.testng.reporters.JUnitReportReporter -->
<testsuite hostname="PrishaDashpute" failures="0" tests="5" name="testCases.TC_003_LoginDDT" time="35.538" errors="0" timestamp="2024-01-19T09:53:03 IST" skipped="0">
  <testcase classname="testCases.TC_003_LoginDDT" name="verify_LoginDDT" time="10.950"/>
  <testcase classname="testCases.TC_003_LoginDDT" name="verify_LoginDDT" time="11.044"/>
  <testcase classname="testCases.TC_003_LoginDDT" name="verify_LoginDDT" time="1.195"/>
  <testcase classname="testCases.TC_003_LoginDDT" name="verify_LoginDDT" time="11.090"/>
  <testcase classname="testCases.TC_003_LoginDDT" name="verify_LoginDDT" time="1.259"/>
</testsuite> <!-- testCases.TC_003_LoginDDT -->
