<?xml version="1.0" encoding="UTF-8"?>
<!-- Generated by org.testng.reporters.JUnitReportReporter -->
<testsuite hostname="PrishaDashpute" failures="0" tests="1" name="testCases.TC_002_LoginTest" time="0.873" errors="0" timestamp="2024-01-19T09:53:03 IST" skipped="0">
  <testcase classname="testCases.TC_002_LoginTest" name="verify_Login" time="0.873"/>
</testsuite> <!-- testCases.TC_002_LoginTest -->
