<?xml version="1.0" encoding="UTF-8"?>
<!-- Generated by org.testng.reporters.JUnitReportReporter -->
<testsuite hostname="PrishaDashpute" failures="0" tests="1" name="testCases.TC_001_AccountRegistrationTest" time="1.453" errors="0" timestamp="2024-01-19T09:53:03 IST" skipped="0">
  <testcase classname="testCases.TC_001_AccountRegistrationTest" name="verify_Account_Registration" time="1.453"/>
</testsuite> <!-- testCases.TC_001_AccountRegistrationTest -->
