<?xml version="1.0" encoding="UTF-8"?>
<!-- Generated by org.testng.reporters.JUnitReportReporter -->
<testsuite hostname="PrishaDashpute" failures="0" tests="3" name="testCases.TC_004_SearchProductTest" time="21.572" errors="0" timestamp="2024-01-20T13:05:06 IST" skipped="0">
  <testcase classname="testCases.TC_004_SearchProductTest" name="verify_pruductSearch" time="7.182"/>
  <testcase classname="testCases.TC_004_SearchProductTest" name="verify_pruductSearch" time="7.552"/>
  <testcase classname="testCases.TC_004_SearchProductTest" name="verify_pruductSearch" time="6.838"/>
</testsuite> <!-- testCases.TC_004_SearchProductTest -->
