<?xml version="1.0" encoding="UTF-8"?>
<!-- Generated by org.testng.reporters.JUnitReportReporter -->
<testsuite hostname="PrishaDashpute" failures="0" tests="3" name="testCases.TC_005_AddToCartPageTest" time="51.351" errors="0" timestamp="2024-01-20T13:05:06 IST" skipped="0">
  <testcase classname="testCases.TC_005_AddToCartPageTest" name="verify_addToCart" time="17.555"/>
  <testcase classname="testCases.TC_005_AddToCartPageTest" name="verify_addToCart" time="16.953"/>
  <testcase classname="testCases.TC_005_AddToCartPageTest" name="verify_addToCart" time="16.843"/>
</testsuite> <!-- testCases.TC_005_AddToCartPageTest -->
