<?xml version="1.0" encoding="UTF-8"?>
<!-- Generated by org.testng.reporters.JUnitReportReporter -->
<testsuite hostname="PrishaDashpute" failures="0" tests="3" name="testCases.TC_002_LoginTest" time="5.560" errors="0" timestamp="2024-01-20T13:05:06 IST" skipped="0">
  <testcase classname="testCases.TC_002_LoginTest" name="verify_Login" time="2.143"/>
  <testcase classname="testCases.TC_002_LoginTest" name="verify_Login" time="1.734"/>
  <testcase classname="testCases.TC_002_LoginTest" name="verify_Login" time="1.683"/>
</testsuite> <!-- testCases.TC_002_LoginTest -->
